Unity Editor version:    2020.3.17f1 (a4537701e4ab)
Branch:                  2020.3/staging
Build type:              Release
Batch mode:              YES
macOS version:           Version 12.1 (Build 21C52)
Darwin version:          21.2.0
Architecture:            x86_64
Running under Rosetta:   NO
Available memory:        8192 MB
Using pre-set license
Pro License: NO

COMMAND LINE ARGUMENTS:
/Applications/Unity/Hub/Editor/2020.3.17f1/Unity.app/Contents/MacOS/Unity
-adb2
-batchMode
-noUpm
-name
AssetImportWorker0
-projectPath
/Users/kazu59/Programming/Unity/Yuki_kun/Unity/BlockGame
-logFile
Logs/AssetImportWorker0.log
-srvPort
63216
Successfully changed project path to: /Users/kazu59/Programming/Unity/Yuki_kun/Unity/BlockGame
/Users/kazu59/Programming/Unity/Yuki_kun/Unity/BlockGame
Using Asset Import Pipeline V2.
Refreshing native plugins compatible for Editor in 70.27 ms, found 2 plugins.
Preloading 0 native plugins for Editor in 0.00 ms.
Initialize engine version: 2020.3.17f1 (a4537701e4ab)
[Subsystems] Discovering subsystems at path /Applications/Unity/Hub/Editor/2020.3.17f1/Unity.app/Contents/Resources/UnitySubsystems
[Subsystems] Discovering subsystems at path /Users/kazu59/Programming/Unity/Yuki_kun/Unity/BlockGame/Assets
GfxDevice: creating device client; threaded=0
2022-02-12 09:19:42.055 Unity[19729:4892806] Color LCD preferred device: Intel(R) HD Graphics 615 (low power)
2022-02-12 09:19:42.055 Unity[19729:4892806] Metal devices available: 1
2022-02-12 09:19:42.055 Unity[19729:4892806] 0: Intel(R) HD Graphics 615 (low power)
2022-02-12 09:19:42.055 Unity[19729:4892806] Using device Intel(R) HD Graphics 615 (low power)
Initializing Metal device caps: Intel(R) HD Graphics 615
Initialize mono
Mono path[0] = '/Applications/Unity/Hub/Editor/2020.3.17f1/Unity.app/Contents/Managed'
Mono path[1] = '/Applications/Unity/Hub/Editor/2020.3.17f1/Unity.app/Contents/MonoBleedingEdge/lib/mono/unityjit'
Mono config path = '/Applications/Unity/Hub/Editor/2020.3.17f1/Unity.app/Contents/MonoBleedingEdge/etc'
Using monoOptions --debugger-agent=transport=dt_socket,embedding=1,server=y,suspend=n,address=127.0.0.1:56729
Begin MonoManager ReloadAssembly
Registering precompiled unity dll's ...
Register platform support module: /Applications/Unity/Hub/Editor/2020.3.17f1/PlaybackEngines/WebGLSupport/UnityEditor.WebGL.Extensions.dll
Register platform support module: /Applications/Unity/Hub/Editor/2020.3.17f1/Unity.app/Contents/PlaybackEngines/MacStandaloneSupport/UnityEditor.OSXStandalone.Extensions.dll
Registered in 0.003666 seconds.
Native extension for OSXStandalone target not found
Native extension for WebGL target not found
Refreshing native plugins compatible for Editor in 67.60 ms, found 2 plugins.
Preloading 0 native plugins for Editor in 0.00 ms.
Mono: successfully reloaded assembly
- Completed reload, in  3.234 seconds
Domain Reload Profiling:
	ReloadAssembly (3234ms)
		BeginReloadAssembly (138ms)
			ExecutionOrderSort (0ms)
			DisableScriptedObjects (0ms)
			BackupInstance (0ms)
			ReleaseScriptingObjects (0ms)
			CreateAndSetChildDomain (2ms)
		EndReloadAssembly (1030ms)
			LoadAssemblies (145ms)
			RebuildTransferFunctionScriptingTraits (0ms)
			SetupTypeCache (381ms)
			ReleaseScriptCaches (0ms)
			RebuildScriptCaches (99ms)
			SetupLoadedEditorAssemblies (413ms)
				LogAssemblyErrors (0ms)
				InitializePlatformSupportModulesInManaged (11ms)
				SetLoadedEditorAssemblies (0ms)
				RefreshPlugins (68ms)
				BeforeProcessingInitializeOnLoad (24ms)
				ProcessInitializeOnLoadAttributes (245ms)
				ProcessInitializeOnLoadMethodAttributes (64ms)
				AfterProcessingInitializeOnLoad (0ms)
				EditorAssembliesLoaded (0ms)
			ExecutionOrderSort2 (0ms)
			AwakeInstancesAfterBackupRestoration (0ms)
Platform modules already initialized, skipping
Registering precompiled user dll's ...
Registered in 0.009087 seconds.
Begin MonoManager ReloadAssembly
Native extension for OSXStandalone target not found
Native extension for WebGL target not found
Refreshing native plugins compatible for Editor in 0.61 ms, found 2 plugins.
Preloading 0 native plugins for Editor in 0.00 ms.
Mono: successfully reloaded assembly
- Completed reload, in  2.538 seconds
Domain Reload Profiling:
	ReloadAssembly (2541ms)
		BeginReloadAssembly (327ms)
			ExecutionOrderSort (0ms)
			DisableScriptedObjects (13ms)
			BackupInstance (0ms)
			ReleaseScriptingObjects (0ms)
			CreateAndSetChildDomain (45ms)
		EndReloadAssembly (2072ms)
			LoadAssemblies (230ms)
			RebuildTransferFunctionScriptingTraits (0ms)
			SetupTypeCache (705ms)
			ReleaseScriptCaches (1ms)
			RebuildScriptCaches (117ms)
			SetupLoadedEditorAssemblies (789ms)
				LogAssemblyErrors (0ms)
				InitializePlatformSupportModulesInManaged (11ms)
				SetLoadedEditorAssemblies (1ms)
				RefreshPlugins (1ms)
				BeforeProcessingInitializeOnLoad (133ms)
				ProcessInitializeOnLoadAttributes (631ms)
				ProcessInitializeOnLoadMethodAttributes (8ms)
				AfterProcessingInitializeOnLoad (3ms)
				EditorAssembliesLoaded (0ms)
			ExecutionOrderSort2 (0ms)
			AwakeInstancesAfterBackupRestoration (14ms)
Platform modules already initialized, skipping
Validating Project structure ... 0.000455 seconds.
Shader import version has changed; will reimport all shaders...
Upgrading shader files ...0.000553 seconds.
Application.AssetDatabase Initial Script Refresh Start
RefreshInfo: InitialScriptRefreshV2(NoUpdateAssetOptions) scanfilter:  ... 1 filters
RefreshProfiler: Total: 0.000ms
Application.AssetDatabase Initial Script Refresh End
Application.AssetDatabase.Refresh Start
Application.AssetDatabase.Refresh End
RefreshInfo: StopAssetImportingV2(ForceSynchronousImport) scanfilter: 
RefreshProfiler: Total: 0.000ms
Launching external process: /Applications/Unity/Hub/Editor/2020.3.17f1/Unity.app/Contents/Tools/UnityShaderCompiler
Launched and connected shader compiler UnityShaderCompiler after 0.02 seconds
Initializing Unity extensions:
[C# Project] Writing /Users/kazu59/Programming/Unity/Yuki_kun/Unity/BlockGame/BlockGame.sln because it has changed
[C# Project] First difference on line 4

[C# Project] Current /Users/kazu59/Programming/Unity/Yuki_kun/Unity/BlockGame/BlockGame.sln:
[C# Project]   004: Project("{FAE04EC0-301F-11D3-BF4B-00C04F79EFBC}") = "Assembly-CSharp", "Assembly-CSharp.csproj", "{E55A415A-EA51-02A0-41E6-5A398AAECD7F}"
[C# Project]   005: EndProject
[C# Project]   006: Global
[C# Project]   007: 	GlobalSection(SolutionConfigurationPlatforms) = preSolution
[C# Project]   008: 		Debug|Any CPU = Debug|Any CPU

[C# Project] New /Users/kazu59/Programming/Unity/Yuki_kun/Unity/BlockGame/BlockGame.sln:
[C# Project]   004: Project("{FAE04EC0-301F-11D3-BF4B-00C04F79EFBC}") = "UnityEngine.TestRunner", "UnityEngine.TestRunner.csproj", "{0C8F6E8E-2ED9-2B24-F9AD-795627B1A7B4}"
[C# Project]   005: EndProject
[C# Project]   006: Project("{FAE04EC0-301F-11D3-BF4B-00C04F79EFBC}") = "UnityEngine.UI.Tests", "UnityEngine.UI.Tests.csproj", "{49A4D14F-1995-0FAC-603D-D1BEE8FC70A4}"
[C# Project]   007: EndProject
[C# Project]   008: Project("{FAE04EC0-301F-11D3-BF4B-00C04F79EFBC}") = "Unity.Timeline", "Unity.Timeline.csproj", "{23B68A30-59C3-AD4C-99B2-D998151EBE01}"
[C# Project] Writing /Users/kazu59/Programming/Unity/Yuki_kun/Unity/BlockGame/Assembly-CSharp.csproj because it has changed
[C# Project] First difference on line 624

[C# Project] Current /Users/kazu59/Programming/Unity/Yuki_kun/Unity/BlockGame/Assembly-CSharp.csproj:
[C# Project]   624:  <Reference Include="Unity.VSCode.Editor">
[C# Project]   625:  <HintPath>/Users/kazu59/Programming/Unity/Yuki_kun/Unity/BlockGame/Library/ScriptAssemblies/Unity.VSCode.Editor.dll</HintPath>
[C# Project]   626:  </Reference>
[C# Project]   627:  <Reference Include="Unity.TextMeshPro.Editor">
[C# Project]   628:  <HintPath>/Users/kazu59/Programming/Unity/Yuki_kun/Unity/BlockGame/Library/ScriptAssemblies/Unity.TextMeshPro.Editor.dll</HintPath>

[C# Project] New /Users/kazu59/Programming/Unity/Yuki_kun/Unity/BlockGame/Assembly-CSharp.csproj:
[C# Project]   624:   </ItemGroup>
[C# Project]   625:   <ItemGroup>
[C# Project]   626:     <ProjectReference Include="Unity.VSCode.Editor.csproj">
[C# Project]   627:       <Project>{34F72302-0566-015D-2369-D2C0F7725CA3}</Project>
[C# Project]   628:       <Name>Unity.VSCode.Editor</Name>
2022-02-12 09:19:54.587 Unity[19729:4892806] NSEventModifierFlagFunction specified to -setKeyEquivalentModifierMask: for item <NSMenuItem: 0x60000162f950 Font Asset, ke='Command-F12'>, but is only supported for system-provided menu items; will not be used
2022-02-12 09:19:54.596 Unity[19729:4892806] NSEventModifierFlagFunction specified to -setKeyEquivalentModifierMask: for item <NSMenuItem: 0x60000161f3a0 Font Asset, ke='Command-F12'>, but is only supported for system-provided menu items; will not be used
========================================================================
Worker process is ready to serve import requests
Refreshing native plugins compatible for Editor in 0.52 ms, found 2 plugins.
Preloading 0 native plugins for Editor in 0.00 ms.
Unloading 1402 Unused Serialized files (Serialized files now loaded: 0)
System memory in use before: 173.6 MB.
System memory in use after: 173.5 MB.

Unloading 77 unused Assets to reduce memory usage. Loaded Objects now: 1891.
Total: 6.944472 ms (FindLiveObjects: 0.391588 ms CreateObjectMapping: 0.130949 ms MarkObjects: 6.080946 ms  DeleteObjects: 0.338892 ms)

AssetImportParameters requested are different than current active one (requested -> active):
  custom:video-decoder-ogg-theora: a1e56fd34408186e4bbccfd4996cb3dc -> 
  custom:container-muxer-webm: aa71ff27fc2769a1b78a27578f13a17b -> 
  custom:container-demuxer-webm: 4f35f7cbe854078d1ac9338744f61a02 -> 
  custom:container-demuxer-ogg: 62fdf1f143b41e24485cea50d1cbac27 -> 
  custom:video-encoder-webm-vp8: eb34c28f22e8b96e1ab97ce403110664 -> 
  custom:framework-osx-AVFoundation: e770b220cccbd017edd2c1fefb359320 -> 
  custom:video-decoder-webm-vp8: 9c59270c3fd7afecdb556c50c9e8de78 -> 
  custom:audio-decoder-ogg-vorbis: bf7c407c2cedff20999df2af8eb42d56 -> 
  custom:audio-encoder-webm-vorbis: bf7c407c2cedff20999df2af8eb42d56 -> 
========================================================================
Received Import Request.
  path: Assets/Scenes/SampleScene.unity
  artifactKey: Guid(9fc0d4010bbf28b4594072e72b8655ab) Importer(815301076,1909f56bfc062723c751e8b465ee728b)
Start importing Assets/Scenes/SampleScene.unity using Guid(9fc0d4010bbf28b4594072e72b8655ab) Importer(815301076,1909f56bfc062723c751e8b465ee728b)  -> (artifact id: 'a7d8ceb1f44127bdb57c09c8911de97a') in 0.040481 seconds 
  Import took 0.048016 seconds .

========================================================================
Received Import Request.
  Time since last request: 4.367092 seconds.
  path: Assets/Scenes
  artifactKey: Guid(bc6f40d38dffd4f7cb87a0429a9cb69f) Importer(815301076,1909f56bfc062723c751e8b465ee728b)
Start importing Assets/Scenes using Guid(bc6f40d38dffd4f7cb87a0429a9cb69f) Importer(815301076,1909f56bfc062723c751e8b465ee728b)  -> (artifact id: 'c0ad31fd4fdd1ce2a9438f08158ab6e9') in 0.002276 seconds 
  Import took 0.019349 seconds .

========================================================================
Received Import Request.
  Time since last request: 8.903531 seconds.
  path: Packages/com.unity.ext.nunit/package.json
  artifactKey: Guid(8143d3a8390f2c64685e3bc272bd9e90) Importer(815301076,1909f56bfc062723c751e8b465ee728b)
Start importing Packages/com.unity.ext.nunit/package.json using Guid(8143d3a8390f2c64685e3bc272bd9e90) Importer(815301076,1909f56bfc062723c751e8b465ee728b)  -> (artifact id: '36f449bd9ed4a92e06d659da724da745') in 2.810153 seconds 
  Import took 2.836969 seconds .

========================================================================
Received Import Request.
  Time since last request: 0.023919 seconds.
  path: Packages/com.unity.ide.rider/package.json
  artifactKey: Guid(66c95bb3c74257f41bae2622511dc02d) Importer(815301076,1909f56bfc062723c751e8b465ee728b)
Start importing Packages/com.unity.ide.rider/package.json using Guid(66c95bb3c74257f41bae2622511dc02d) Importer(815301076,1909f56bfc062723c751e8b465ee728b)  -> (artifact id: 'ff96f7b61e94a0dc9b975679be81ead9') in 0.012413 seconds 
  Import took 0.026116 seconds .

========================================================================
Received Import Request.
  Time since last request: 4761.546275 seconds.
  path: Assets/player.cs
  artifactKey: Guid(d90334e7728524d08b22b390987004e2) Importer(815301076,1909f56bfc062723c751e8b465ee728b)
Start importing Assets/player.cs using Guid(d90334e7728524d08b22b390987004e2) Importer(815301076,1909f56bfc062723c751e8b465ee728b)  -> (artifact id: '9a9c808bd083ed1fb55137ed3a5decd6') in 1.107977 seconds 
  Import took 1.161941 seconds .

========================================================================
Received Prepare
Registering precompiled user dll's ...
Registered in 0.018727 seconds.
Begin MonoManager ReloadAssembly
Native extension for OSXStandalone target not found
Native extension for WebGL target not found
Refreshing native plugins compatible for Editor in 0.71 ms, found 2 plugins.
Preloading 0 native plugins for Editor in 0.00 ms.
2022-02-12 10:52:49.979 Unity[19729:4892806] NSEventModifierFlagFunction specified to -setKeyEquivalentModifierMask: for item <NSMenuItem: 0x60000163aca0 Font Asset, ke='Command-F12'>, but is only supported for system-provided menu items; will not be used
Mono: successfully reloaded assembly
- Completed reload, in  4.762 seconds
Domain Reload Profiling:
	ReloadAssembly (4766ms)
		BeginReloadAssembly (1081ms)
			ExecutionOrderSort (0ms)
			DisableScriptedObjects (71ms)
			BackupInstance (0ms)
			ReleaseScriptingObjects (1ms)
			CreateAndSetChildDomain (386ms)
		EndReloadAssembly (3419ms)
			LoadAssemblies (568ms)
			RebuildTransferFunctionScriptingTraits (1ms)
			SetupTypeCache (1051ms)
			ReleaseScriptCaches (1ms)
			RebuildScriptCaches (150ms)
			SetupLoadedEditorAssemblies (1357ms)
				LogAssemblyErrors (0ms)
				InitializePlatformSupportModulesInManaged (17ms)
				SetLoadedEditorAssemblies (1ms)
				RefreshPlugins (1ms)
				BeforeProcessingInitializeOnLoad (306ms)
				ProcessInitializeOnLoadAttributes (1015ms)
				ProcessInitializeOnLoadMethodAttributes (12ms)
				AfterProcessingInitializeOnLoad (4ms)
				EditorAssembliesLoaded (2ms)
			ExecutionOrderSort2 (0ms)
			AwakeInstancesAfterBackupRestoration (35ms)
Platform modules already initialized, skipping
Refreshing native plugins compatible for Editor in 0.84 ms, found 2 plugins.
Preloading 0 native plugins for Editor in 0.00 ms.
Unloading 1395 Unused Serialized files (Serialized files now loaded: 0)
System memory in use before: 179.7 MB.
System memory in use after: 179.9 MB.

Unloading 14 unused Assets to reduce memory usage. Loaded Objects now: 1894.
Total: 13.655784 ms (FindLiveObjects: 1.514429 ms CreateObjectMapping: 0.296361 ms MarkObjects: 11.773401 ms  DeleteObjects: 0.069355 ms)

AssetImportParameters requested are different than current active one (requested -> active):
  custom:video-decoder-ogg-theora: a1e56fd34408186e4bbccfd4996cb3dc -> 
  custom:container-muxer-webm: aa71ff27fc2769a1b78a27578f13a17b -> 
  custom:container-demuxer-webm: 4f35f7cbe854078d1ac9338744f61a02 -> 
  custom:container-demuxer-ogg: 62fdf1f143b41e24485cea50d1cbac27 -> 
  custom:video-encoder-webm-vp8: eb34c28f22e8b96e1ab97ce403110664 -> 
  custom:framework-osx-AVFoundation: e770b220cccbd017edd2c1fefb359320 -> 
  custom:video-decoder-webm-vp8: 9c59270c3fd7afecdb556c50c9e8de78 -> 
  custom:audio-decoder-ogg-vorbis: bf7c407c2cedff20999df2af8eb42d56 -> 
  custom:audio-encoder-webm-vorbis: bf7c407c2cedff20999df2af8eb42d56 -> 
